<?xml version="1.0" encoding="UTF-8"?><font><info face="sans-serif" size="22" bold="0" italic="0" charset="" unicode="1" stretchH="100" smooth="1" aa="1" padding="1,1,1,1" spacing="1,1"/><common lineHeight="22" base="17" scaleW="144" scaleH="144" pages="1" packed="0"/><pages><page id="0" file="Unnamed.png"/></pages><chars count="82"><char id="32" x="0" y="0" width="0" height="0" xoffset="0" yoffset="0" xadvance="7" page="0" chnl="15"/><char id="33" x="138" y="61" width="6" height="17" xoffset="0" yoffset="1" xadvance="7" page="0" chnl="15"/><char id="34" x="122" y="130" width="9" height="7" xoffset="-1" yoffset="1" xadvance="8" page="0" chnl="15"/><char id="39" x="132" y="130" width="5" height="7" xoffset="0" yoffset="1" xadvance="5" page="0" chnl="15"/><char id="40" x="8" y="0" width="9" height="23" xoffset="0" yoffset="0" xadvance="8" page="0" chnl="15"/><char id="41" x="18" y="0" width="8" height="23" xoffset="-1" yoffset="0" xadvance="8" page="0" chnl="15"/><char id="42" x="90" y="130" width="11" height="10" xoffset="-1" yoffset="1" xadvance="9" page="0" chnl="15"/><char id="43" x="76" y="130" width="13" height="13" xoffset="0" yoffset="3" xadvance="13" page="0" chnl="15"/><char id="44" x="116" y="130" width="5" height="8" xoffset="1" yoffset="13" xadvance="7" page="0" chnl="15"/><char id="45" x="116" y="115" width="9" height="4" xoffset="-1" yoffset="9" xadvance="8" page="0" chnl="15"/><char id="46" x="138" y="130" width="5" height="5" xoffset="1" yoffset="13" xadvance="7" page="0" chnl="15"/><char id="47" x="76" y="24" width="9" height="18" xoffset="-1" yoffset="0" xadvance="7" page="0" chnl="15"/><char id="48" x="130" y="0" width="14" height="17" xoffset="-1" yoffset="1" xadvance="13" page="0" chnl="15"/><char id="49" x="86" y="24" width="13" height="17" xoffset="0" yoffset="1" xadvance="13" page="0" chnl="15"/><char id="50" x="100" y="24" width="13" height="17" xoffset="0" yoffset="1" xadvance="13" page="0" chnl="15"/><char id="51" x="114" y="24" width="14" height="17" xoffset="-1" yoffset="1" xadvance="13" page="0" chnl="15"/><char id="52" x="0" y="43" width="14" height="17" xoffset="-1" yoffset="1" xadvance="13" page="0" chnl="15"/><char id="53" x="15" y="43" width="14" height="17" xoffset="-1" yoffset="1" xadvance="13" page="0" chnl="15"/><char id="54" x="30" y="43" width="13" height="17" xoffset="0" yoffset="1" xadvance="13" page="0" chnl="15"/><char id="55" x="44" y="43" width="13" height="17" xoffset="0" yoffset="1" xadvance="13" page="0" chnl="15"/><char id="56" x="58" y="43" width="14" height="17" xoffset="-1" yoffset="1" xadvance="13" page="0" chnl="15"/><char id="57" x="73" y="43" width="13" height="17" xoffset="0" yoffset="1" xadvance="13" page="0" chnl="15"/><char id="58" x="136" y="95" width="5" height="14" xoffset="1" yoffset="4" xadvance="7" page="0" chnl="15"/><char id="61" x="102" y="130" width="13" height="9" xoffset="0" yoffset="5" xadvance="13" page="0" chnl="15"/><char id="63" x="76" y="97" width="14" height="17" xoffset="-1" yoffset="1" xadvance="13" page="0" chnl="15"/><char id="65" x="96" y="43" width="17" height="17" xoffset="-1" yoffset="1" xadvance="15" page="0" chnl="15"/><char id="66" x="129" y="24" width="15" height="17" xoffset="0" yoffset="1" xadvance="15" page="0" chnl="15"/><char id="67" x="114" y="43" width="16" height="17" xoffset="0" yoffset="1" xadvance="16" page="0" chnl="15"/><char id="68" x="0" y="61" width="16" height="17" xoffset="0" yoffset="1" xadvance="16" page="0" chnl="15"/><char id="69" x="17" y="61" width="15" height="17" xoffset="0" yoffset="1" xadvance="15" page="0" chnl="15"/><char id="70" x="33" y="61" width="14" height="17" xoffset="0" yoffset="1" xadvance="14" page="0" chnl="15"/><char id="71" x="48" y="61" width="17" height="17" xoffset="0" yoffset="1" xadvance="18" page="0" chnl="15"/><char id="72" x="66" y="61" width="16" height="17" xoffset="0" yoffset="1" xadvance="16" page="0" chnl="15"/><char id="73" x="83" y="61" width="5" height="17" xoffset="1" yoffset="1" xadvance="7" page="0" chnl="15"/><char id="74" x="89" y="61" width="12" height="17" xoffset="-1" yoffset="1" xadvance="11" page="0" chnl="15"/><char id="75" x="102" y="61" width="16" height="17" xoffset="0" yoffset="1" xadvance="15" page="0" chnl="15"/><char id="76" x="131" y="43" width="13" height="17" xoffset="0" yoffset="1" xadvance="13" page="0" chnl="15"/><char id="77" x="119" y="61" width="18" height="17" xoffset="0" yoffset="1" xadvance="19" page="0" chnl="15"/><char id="78" x="0" y="79" width="16" height="17" xoffset="0" yoffset="1" xadvance="16" page="0" chnl="15"/><char id="79" x="17" y="79" width="18" height="17" xoffset="0" yoffset="1" xadvance="18" page="0" chnl="15"/><char id="80" x="36" y="79" width="15" height="17" xoffset="0" yoffset="1" xadvance="15" page="0" chnl="15"/><char id="81" x="27" y="0" width="18" height="22" xoffset="0" yoffset="1" xadvance="18" page="0" chnl="15"/><char id="82" x="52" y="79" width="16" height="17" xoffset="0" yoffset="1" xadvance="16" page="0" chnl="15"/><char id="83" x="69" y="79" width="15" height="17" xoffset="0" yoffset="1" xadvance="15" page="0" chnl="15"/><char id="84" x="85" y="79" width="15" height="17" xoffset="-1" yoffset="1" xadvance="14" page="0" chnl="15"/><char id="85" x="101" y="79" width="16" height="17" xoffset="0" yoffset="1" xadvance="16" page="0" chnl="15"/><char id="86" x="118" y="79" width="17" height="17" xoffset="-1" yoffset="1" xadvance="15" page="0" chnl="15"/><char id="87" x="0" y="97" width="23" height="17" xoffset="-1" yoffset="1" xadvance="21" page="0" chnl="15"/><char id="88" x="24" y="97" width="17" height="17" xoffset="-1" yoffset="1" xadvance="15" page="0" chnl="15"/><char id="89" x="42" y="97" width="17" height="17" xoffset="-1" yoffset="1" xadvance="15" page="0" chnl="15"/><char id="90" x="60" y="97" width="15" height="17" xoffset="-1" yoffset="1" xadvance="14" page="0" chnl="15"/><char id="95" x="99" y="115" width="16" height="5" xoffset="-2" yoffset="18" xadvance="13" page="0" chnl="15"/><char id="97" x="91" y="97" width="15" height="14" xoffset="-1" yoffset="4" xadvance="13" page="0" chnl="15"/><char id="98" x="0" y="24" width="13" height="18" xoffset="0" yoffset="0" xadvance="13" page="0" chnl="15"/><char id="99" x="107" y="97" width="13" height="14" xoffset="-1" yoffset="4" xadvance="11" page="0" chnl="15"/><char id="100" x="14" y="24" width="13" height="18" xoffset="-1" yoffset="0" xadvance="13" page="0" chnl="15"/><char id="101" x="121" y="97" width="14" height="14" xoffset="-1" yoffset="4" xadvance="13" page="0" chnl="15"/><char id="102" x="28" y="24" width="9" height="18" xoffset="-1" yoffset="0" xadvance="7" page="0" chnl="15"/><char id="103" x="60" y="0" width="13" height="19" xoffset="-1" yoffset="4" xadvance="13" page="0" chnl="15"/><char id="104" x="38" y="24" width="12" height="18" xoffset="0" yoffset="0" xadvance="13" page="0" chnl="15"/><char id="105" x="51" y="24" width="5" height="18" xoffset="0" yoffset="0" xadvance="5" page="0" chnl="15"/><char id="106" x="0" y="0" width="7" height="23" xoffset="-2" yoffset="0" xadvance="5" page="0" chnl="15"/><char id="107" x="57" y="24" width="12" height="18" xoffset="0" yoffset="0" xadvance="11" page="0" chnl="15"/><char id="108" x="70" y="24" width="5" height="18" xoffset="0" yoffset="0" xadvance="5" page="0" chnl="15"/><char id="109" x="0" y="115" width="18" height="14" xoffset="0" yoffset="4" xadvance="19" page="0" chnl="15"/><char id="110" x="0" y="130" width="12" height="14" xoffset="0" yoffset="4" xadvance="13" page="0" chnl="15"/><char id="111" x="19" y="115" width="14" height="14" xoffset="-1" yoffset="4" xadvance="13" page="0" chnl="15"/><char id="112" x="74" y="0" width="13" height="19" xoffset="0" yoffset="4" xadvance="13" page="0" chnl="15"/><char id="113" x="88" y="0" width="13" height="19" xoffset="-1" yoffset="4" xadvance="13" page="0" chnl="15"/><char id="114" x="136" y="79" width="8" height="15" xoffset="0" yoffset="3" xadvance="8" page="0" chnl="15"/><char id="115" x="13" y="130" width="13" height="14" xoffset="-1" yoffset="4" xadvance="11" page="0" chnl="15"/><char id="116" x="87" y="43" width="8" height="17" xoffset="-1" yoffset="1" xadvance="7" page="0" chnl="15"/><char id="117" x="34" y="115" width="12" height="14" xoffset="0" yoffset="4" xadvance="13" page="0" chnl="15"/><char id="118" x="27" y="130" width="13" height="14" xoffset="-1" yoffset="4" xadvance="11" page="0" chnl="15"/><char id="119" x="47" y="115" width="18" height="14" xoffset="-1" yoffset="4" xadvance="16" page="0" chnl="15"/><char id="120" x="41" y="130" width="13" height="14" xoffset="-1" yoffset="4" xadvance="11" page="0" chnl="15"/><char id="121" x="102" y="0" width="13" height="19" xoffset="-1" yoffset="4" xadvance="11" page="0" chnl="15"/><char id="122" x="66" y="115" width="12" height="14" xoffset="-1" yoffset="4" xadvance="11" page="0" chnl="15"/><char id="10145" x="79" y="115" width="19" height="14" xoffset="0" yoffset="3" xadvance="19" page="0" chnl="15"/><char id="11013" x="55" y="130" width="20" height="14" xoffset="-1" yoffset="3" xadvance="19" page="0" chnl="15"/><char id="11014" x="116" y="0" width="13" height="19" xoffset="3" yoffset="-1" xadvance="19" page="0" chnl="15"/><char id="11015" x="46" y="0" width="13" height="20" xoffset="3" yoffset="-1" xadvance="19" page="0" chnl="15"/></chars></font>