<?xml version="1.0" encoding="UTF-8"?><font><info face="sans-serif" size="14" bold="0" italic="0" charset="" unicode="1" stretchH="100" smooth="1" aa="1" padding="1,1,1,1" spacing="1,1"/><common lineHeight="14" base="11" scaleW="105" scaleH="104" pages="1" packed="0"/><pages><page id="0" file="Unnamed.png"/></pages><chars count="82"><char id="32" x="0" y="0" width="0" height="0" xoffset="0" yoffset="0" xadvance="4" page="0" chnl="15"/><char id="33" x="98" y="44" width="4" height="12" xoffset="0" yoffset="0" xadvance="4" page="0" chnl="15"/><char id="34" x="65" y="94" width="7" height="6" xoffset="-1" yoffset="0" xadvance="5" page="0" chnl="15"/><char id="39" x="73" y="94" width="4" height="6" xoffset="-1" yoffset="0" xadvance="3" page="0" chnl="15"/><char id="40" x="7" y="0" width="7" height="16" xoffset="-1" yoffset="-1" xadvance="5" page="0" chnl="15"/><char id="41" x="15" y="0" width="6" height="16" xoffset="-1" yoffset="-1" xadvance="5" page="0" chnl="15"/><char id="42" x="40" y="94" width="8" height="8" xoffset="-1" yoffset="0" xadvance="6" page="0" chnl="15"/><char id="43" x="0" y="94" width="10" height="10" xoffset="-1" yoffset="1" xadvance="9" page="0" chnl="15"/><char id="44" x="60" y="94" width="4" height="6" xoffset="0" yoffset="8" xadvance="4" page="0" chnl="15"/><char id="45" x="78" y="94" width="7" height="4" xoffset="-1" yoffset="5" xadvance="5" page="0" chnl="15"/><char id="46" x="86" y="94" width="4" height="4" xoffset="0" yoffset="8" xadvance="4" page="0" chnl="15"/><char id="47" x="42" y="16" width="6" height="13" xoffset="-1" yoffset="-1" xadvance="4" page="0" chnl="15"/><char id="48" x="60" y="16" width="10" height="12" xoffset="-1" yoffset="0" xadvance="8" page="0" chnl="15"/><char id="49" x="71" y="16" width="9" height="12" xoffset="0" yoffset="0" xadvance="8" page="0" chnl="15"/><char id="50" x="81" y="16" width="10" height="12" xoffset="-1" yoffset="0" xadvance="8" page="0" chnl="15"/><char id="51" x="0" y="31" width="10" height="12" xoffset="-1" yoffset="0" xadvance="8" page="0" chnl="15"/><char id="52" x="11" y="31" width="10" height="12" xoffset="-1" yoffset="0" xadvance="8" page="0" chnl="15"/><char id="53" x="22" y="30" width="10" height="12" xoffset="-1" yoffset="0" xadvance="8" page="0" chnl="15"/><char id="54" x="33" y="30" width="10" height="12" xoffset="-1" yoffset="0" xadvance="8" page="0" chnl="15"/><char id="55" x="44" y="30" width="10" height="12" xoffset="-1" yoffset="0" xadvance="8" page="0" chnl="15"/><char id="56" x="55" y="30" width="10" height="12" xoffset="-1" yoffset="0" xadvance="8" page="0" chnl="15"/><char id="57" x="66" y="30" width="10" height="12" xoffset="-1" yoffset="0" xadvance="8" page="0" chnl="15"/><char id="58" x="99" y="83" width="4" height="10" xoffset="0" yoffset="2" xadvance="4" page="0" chnl="15"/><char id="61" x="49" y="94" width="10" height="8" xoffset="-1" yoffset="2" xadvance="9" page="0" chnl="15"/><char id="63" x="53" y="70" width="10" height="12" xoffset="-1" yoffset="0" xadvance="8" page="0" chnl="15"/><char id="65" x="84" y="30" width="12" height="12" xoffset="-1" yoffset="0" xadvance="10" page="0" chnl="15"/><char id="66" x="0" y="44" width="10" height="12" xoffset="0" yoffset="0" xadvance="10" page="0" chnl="15"/><char id="67" x="11" y="44" width="12" height="12" xoffset="-1" yoffset="0" xadvance="11" page="0" chnl="15"/><char id="68" x="24" y="44" width="11" height="12" xoffset="0" yoffset="0" xadvance="11" page="0" chnl="15"/><char id="69" x="36" y="44" width="10" height="12" xoffset="0" yoffset="0" xadvance="10" page="0" chnl="15"/><char id="70" x="47" y="44" width="9" height="12" xoffset="0" yoffset="0" xadvance="9" page="0" chnl="15"/><char id="71" x="57" y="44" width="12" height="12" xoffset="-1" yoffset="0" xadvance="11" page="0" chnl="15"/><char id="72" x="70" y="44" width="10" height="12" xoffset="0" yoffset="0" xadvance="11" page="0" chnl="15"/><char id="73" x="81" y="44" width="4" height="12" xoffset="0" yoffset="0" xadvance="4" page="0" chnl="15"/><char id="74" x="97" y="30" width="8" height="12" xoffset="-1" yoffset="0" xadvance="7" page="0" chnl="15"/><char id="75" x="86" y="44" width="11" height="12" xoffset="0" yoffset="0" xadvance="10" page="0" chnl="15"/><char id="76" x="0" y="57" width="9" height="12" xoffset="0" yoffset="0" xadvance="8" page="0" chnl="15"/><char id="77" x="10" y="57" width="12" height="12" xoffset="0" yoffset="0" xadvance="12" page="0" chnl="15"/><char id="78" x="23" y="57" width="10" height="12" xoffset="0" yoffset="0" xadvance="11" page="0" chnl="15"/><char id="79" x="92" y="16" width="13" height="12" xoffset="-1" yoffset="0" xadvance="11" page="0" chnl="15"/><char id="80" x="34" y="57" width="10" height="12" xoffset="0" yoffset="0" xadvance="10" page="0" chnl="15"/><char id="81" x="22" y="0" width="13" height="15" xoffset="-1" yoffset="0" xadvance="11" page="0" chnl="15"/><char id="82" x="45" y="57" width="11" height="12" xoffset="0" yoffset="0" xadvance="11" page="0" chnl="15"/><char id="83" x="57" y="57" width="11" height="12" xoffset="-1" yoffset="0" xadvance="10" page="0" chnl="15"/><char id="84" x="69" y="57" width="11" height="12" xoffset="-1" yoffset="0" xadvance="9" page="0" chnl="15"/><char id="85" x="81" y="57" width="11" height="12" xoffset="0" yoffset="0" xadvance="11" page="0" chnl="15"/><char id="86" x="93" y="57" width="12" height="12" xoffset="-1" yoffset="0" xadvance="10" page="0" chnl="15"/><char id="87" x="0" y="70" width="16" height="12" xoffset="-1" yoffset="0" xadvance="14" page="0" chnl="15"/><char id="88" x="17" y="70" width="11" height="12" xoffset="-1" yoffset="0" xadvance="10" page="0" chnl="15"/><char id="89" x="29" y="70" width="11" height="12" xoffset="-1" yoffset="0" xadvance="10" page="0" chnl="15"/><char id="90" x="41" y="70" width="11" height="12" xoffset="-1" yoffset="0" xadvance="9" page="0" chnl="15"/><char id="95" x="91" y="94" width="11" height="3" xoffset="-2" yoffset="12" xadvance="8" page="0" chnl="15"/><char id="97" x="72" y="70" width="10" height="10" xoffset="-1" yoffset="2" xadvance="8" page="0" chnl="15"/><char id="98" x="47" y="0" width="10" height="13" xoffset="-1" yoffset="-1" xadvance="8" page="0" chnl="15"/><char id="99" x="83" y="70" width="9" height="10" xoffset="-1" yoffset="2" xadvance="7" page="0" chnl="15"/><char id="100" x="58" y="0" width="9" height="13" xoffset="-1" yoffset="-1" xadvance="8" page="0" chnl="15"/><char id="101" x="93" y="70" width="10" height="10" xoffset="-1" yoffset="2" xadvance="8" page="0" chnl="15"/><char id="102" x="68" y="0" width="6" height="13" xoffset="-1" yoffset="-1" xadvance="4" page="0" chnl="15"/><char id="103" x="75" y="0" width="9" height="13" xoffset="-1" yoffset="2" xadvance="8" page="0" chnl="15"/><char id="104" x="85" y="0" width="9" height="13" xoffset="-1" yoffset="-1" xadvance="8" page="0" chnl="15"/><char id="105" x="0" y="17" width="5" height="13" xoffset="-1" yoffset="-1" xadvance="4" page="0" chnl="15"/><char id="106" x="0" y="0" width="6" height="16" xoffset="-2" yoffset="-1" xadvance="4" page="0" chnl="15"/><char id="107" x="6" y="17" width="9" height="13" xoffset="-1" yoffset="-1" xadvance="7" page="0" chnl="15"/><char id="108" x="16" y="17" width="5" height="13" xoffset="-1" yoffset="-1" xadvance="4" page="0" chnl="15"/><char id="109" x="0" y="83" width="13" height="10" xoffset="-1" yoffset="2" xadvance="12" page="0" chnl="15"/><char id="110" x="14" y="83" width="9" height="10" xoffset="-1" yoffset="2" xadvance="8" page="0" chnl="15"/><char id="111" x="24" y="83" width="10" height="10" xoffset="-1" yoffset="2" xadvance="8" page="0" chnl="15"/><char id="112" x="95" y="0" width="10" height="13" xoffset="-1" yoffset="2" xadvance="8" page="0" chnl="15"/><char id="113" x="22" y="16" width="9" height="13" xoffset="-1" yoffset="2" xadvance="8" page="0" chnl="15"/><char id="114" x="64" y="70" width="7" height="11" xoffset="-1" yoffset="1" xadvance="5" page="0" chnl="15"/><char id="115" x="35" y="83" width="9" height="10" xoffset="-1" yoffset="2" xadvance="7" page="0" chnl="15"/><char id="116" x="77" y="30" width="6" height="12" xoffset="-1" yoffset="0" xadvance="4" page="0" chnl="15"/><char id="117" x="45" y="83" width="9" height="10" xoffset="-1" yoffset="2" xadvance="8" page="0" chnl="15"/><char id="118" x="55" y="83" width="9" height="10" xoffset="-1" yoffset="2" xadvance="7" page="0" chnl="15"/><char id="119" x="65" y="83" width="13" height="10" xoffset="-1" yoffset="2" xadvance="11" page="0" chnl="15"/><char id="120" x="79" y="83" width="9" height="10" xoffset="-1" yoffset="2" xadvance="7" page="0" chnl="15"/><char id="121" x="32" y="16" width="9" height="13" xoffset="-1" yoffset="2" xadvance="7" page="0" chnl="15"/><char id="122" x="89" y="83" width="9" height="10" xoffset="-1" yoffset="2" xadvance="7" page="0" chnl="15"/><char id="10145" x="25" y="94" width="14" height="9" xoffset="-1" yoffset="2" xadvance="12" page="0" chnl="15"/><char id="11013" x="11" y="94" width="13" height="9" xoffset="-1" yoffset="2" xadvance="12" page="0" chnl="15"/><char id="11014" x="49" y="16" width="10" height="13" xoffset="1" yoffset="-1" xadvance="12" page="0" chnl="15"/><char id="11015" x="36" y="0" width="10" height="14" xoffset="1" yoffset="-1" xadvance="12" page="0" chnl="15"/></chars></font>